<?xml version="1.0" encoding="UTF-8"?>
<testng-results skipped="0" failed="0" ignored="2" total="3" passed="1">
  <reporter-output>
  </reporter-output>
  <suite name="Suite" duration-ms="8578" started-at="2020-05-20T10:28:50Z" finished-at="2020-05-20T10:28:59Z">
    <groups>
    </groups>
    <test name="screenshots" duration-ms="8578" started-at="2020-05-20T10:28:50Z" finished-at="2020-05-20T10:28:59Z">
      <class name="maiho.selenium.ScreenShotsTest">
        <test-method status="PASS" signature="beforeTest(java.lang.String)[pri:0, instance:maiho.selenium.ScreenShotsTest@6f7fd0e6]" name="beforeTest" is-config="true" duration-ms="3124" started-at="2020-05-20T10:28:50Z" finished-at="2020-05-20T10:28:53Z">
          <params>
            <param index="0">
              <value>
                <![CDATA[Chrome]]>
              </value>
            </param>
          </params>
          <reporter-output>
          </reporter-output>
        </test-method> <!-- beforeTest -->
        <test-method status="PASS" signature="elementScrShotTestByAshot(java.lang.String, java.lang.String)[pri:0, instance:maiho.selenium.ScreenShotsTest@6f7fd0e6]" name="elementScrShotTestByAshot" duration-ms="5311" started-at="2020-05-20T10:28:53Z" finished-at="2020-05-20T10:28:59Z">
          <params>
            <param index="0">
              <value>
                <![CDATA[/Users/mba0298p/Documents/AsianTech/Tool/Selenium/Advanceted/PIC/Screenshot]]>
              </value>
            </param>
            <param index="1">
              <value>
                <![CDATA[/Users/mba0298p/Documents/AsianTech/Tool/Selenium/Advanceted/PIC/src]]>
              </value>
            </param>
          </params>
          <reporter-output>
          </reporter-output>
        </test-method> <!-- elementScrShotTestByAshot -->
        <test-method status="PASS" signature="afterTest()[pri:0, instance:maiho.selenium.ScreenShotsTest@6f7fd0e6]" name="afterTest" is-config="true" duration-ms="115" started-at="2020-05-20T10:28:59Z" finished-at="2020-05-20T10:28:59Z">
          <reporter-output>
          </reporter-output>
        </test-method> <!-- afterTest -->
      </class> <!-- maiho.selenium.ScreenShotsTest -->
    </test> <!-- screenshots -->
  </suite> <!-- Suite -->
</testng-results>
