<?xml version="1.0" encoding="UTF-8"?>
<testng-results skipped="0" failed="0" ignored="0" total="6" passed="6">
  <reporter-output>
  </reporter-output>
  <suite name="Suite" duration-ms="39860" started-at="2020-05-20T08:08:33Z" finished-at="2020-05-20T08:09:13Z">
    <groups>
    </groups>
    <test name="Test" duration-ms="39860" started-at="2020-05-20T08:08:33Z" finished-at="2020-05-20T08:09:13Z">
      <class name="maiho.selenium.iFrameTest">
        <test-method status="PASS" signature="beforeTest(java.lang.String)[pri:0, instance:maiho.selenium.iFrameTest@68c4039c]" name="beforeTest" is-config="true" duration-ms="6324" started-at="2020-05-20T08:08:33Z" finished-at="2020-05-20T08:08:39Z">
          <params>
            <param index="0">
              <value>
                <![CDATA[Chrome]]>
              </value>
            </param>
          </params>
          <reporter-output>
          </reporter-output>
        </test-method> <!-- beforeTest -->
        <test-method status="PASS" signature="testIFrame()[pri:0, instance:maiho.selenium.iFrameTest@68c4039c]" name="testIFrame" duration-ms="16083" started-at="2020-05-20T08:08:39Z" finished-at="2020-05-20T08:08:55Z">
          <reporter-output>
          </reporter-output>
        </test-method> <!-- testIFrame -->
        <test-method status="PASS" signature="afterTest()[pri:0, instance:maiho.selenium.iFrameTest@68c4039c]" name="afterTest" is-config="true" duration-ms="385" started-at="2020-05-20T08:08:55Z" finished-at="2020-05-20T08:08:56Z">
          <reporter-output>
          </reporter-output>
        </test-method> <!-- afterTest -->
      </class> <!-- maiho.selenium.iFrameTest -->
      <class name="maiho.selenium.guru99LoginTest">
        <test-method status="PASS" signature="beforeTest(java.lang.String)[pri:0, instance:maiho.selenium.guru99LoginTest@3532ec19]" name="beforeTest" is-config="true" duration-ms="6511" started-at="2020-05-20T08:08:33Z" finished-at="2020-05-20T08:08:39Z">
          <params>
            <param index="0">
              <value>
                <![CDATA[Chrome]]>
              </value>
            </param>
          </params>
          <reporter-output>
          </reporter-output>
        </test-method> <!-- beforeTest -->
        <test-method status="PASS" signature="resetTest()[pri:0, instance:maiho.selenium.guru99LoginTest@3532ec19]" name="resetTest" duration-ms="24670" started-at="2020-05-20T08:08:39Z" finished-at="2020-05-20T08:09:04Z">
          <reporter-output>
          </reporter-output>
        </test-method> <!-- resetTest -->
        <test-method status="PASS" signature="loginTest()[pri:1, instance:maiho.selenium.guru99LoginTest@3532ec19]" name="loginTest" duration-ms="2130" started-at="2020-05-20T08:09:09Z" finished-at="2020-05-20T08:09:12Z">
          <reporter-output>
          </reporter-output>
        </test-method> <!-- loginTest -->
        <test-method status="PASS" signature="verifyMangeID()[pri:2, instance:maiho.selenium.guru99LoginTest@3532ec19]" name="verifyMangeID" duration-ms="72" started-at="2020-05-20T08:09:12Z" finished-at="2020-05-20T08:09:12Z">
          <reporter-output>
          </reporter-output>
        </test-method> <!-- verifyMangeID -->
        <test-method status="PASS" signature="afterTest()[pri:0, instance:maiho.selenium.guru99LoginTest@3532ec19]" name="afterTest" is-config="true" duration-ms="188" started-at="2020-05-20T08:09:12Z" finished-at="2020-05-20T08:09:13Z">
          <reporter-output>
          </reporter-output>
        </test-method> <!-- afterTest -->
      </class> <!-- maiho.selenium.guru99LoginTest -->
      <class name="maiho.selenium.DynamicTableTest">
        <test-method status="PASS" signature="beforeTest(java.lang.String)[pri:0, instance:maiho.selenium.DynamicTableTest@26653222]" name="beforeTest" is-config="true" duration-ms="6404" started-at="2020-05-20T08:08:33Z" finished-at="2020-05-20T08:08:39Z">
          <params>
            <param index="0">
              <value>
                <![CDATA[Chrome]]>
              </value>
            </param>
          </params>
          <reporter-output>
          </reporter-output>
        </test-method> <!-- beforeTest -->
        <test-method status="PASS" signature="testEasy()[pri:0, instance:maiho.selenium.DynamicTableTest@26653222]" name="testEasy" duration-ms="30389" started-at="2020-05-20T08:08:39Z" finished-at="2020-05-20T08:09:09Z">
          <reporter-output>
          </reporter-output>
        </test-method> <!-- testEasy -->
        <test-method status="PASS" signature="maxValueCurrentPrice()[pri:1, instance:maiho.selenium.DynamicTableTest@26653222]" name="maxValueCurrentPrice" duration-ms="2562" started-at="2020-05-20T08:09:09Z" finished-at="2020-05-20T08:09:12Z">
          <reporter-output>
          </reporter-output>
        </test-method> <!-- maxValueCurrentPrice -->
        <test-method status="PASS" signature="afterTest()[pri:0, instance:maiho.selenium.DynamicTableTest@26653222]" name="afterTest" is-config="true" duration-ms="205" started-at="2020-05-20T08:09:12Z" finished-at="2020-05-20T08:09:12Z">
          <reporter-output>
          </reporter-output>
        </test-method> <!-- afterTest -->
      </class> <!-- maiho.selenium.DynamicTableTest -->
    </test> <!-- Test -->
  </suite> <!-- Suite -->
</testng-results>
