<?xml version="1.0" encoding="UTF-8"?>
<!-- Generated by org.testng.reporters.JUnitXMLReporter -->
<testsuite hostname="MBA0298P.local" ignored="0" name="Test" tests="6" failures="0" timestamp="20 May 2020 08:09:13 GMT" time="39.86" errors="0">
  <testcase name="testIFrame" time="16.083" classname="maiho.selenium.iFrameTest"/>
  <testcase name="resetTest" time="24.67" classname="maiho.selenium.guru99LoginTest"/>
  <testcase name="testEasy" time="30.389" classname="maiho.selenium.DynamicTableTest"/>
  <testcase name="loginTest" time="2.13" classname="maiho.selenium.guru99LoginTest"/>
  <testcase name="maxValueCurrentPrice" time="2.562" classname="maiho.selenium.DynamicTableTest"/>
  <testcase name="verifyMangeID" time="0.072" classname="maiho.selenium.guru99LoginTest"/>
</testsuite> <!-- Test -->
