<?xml version="1.0" encoding="UTF-8"?>
<!-- Generated by org.testng.reporters.JUnitXMLReporter -->
<testsuite hostname="MBA0298P.local" ignored="0" name="Test1" tests="2" failures="0" timestamp="20 May 2020 02:28:43 GMT" time="29.665" errors="0">
  <testcase name="@BeforeTest beforeTest" time="29.639" classname="base.BasePageTest">
    <failure type="org.openqa.selenium.NoSuchWindowException" message="Browsing context has been discarded
Build info: version: &amp;apos;3.141.59&amp;apos;, revision: &amp;apos;e82be7d358&amp;apos;, time: &amp;apos;2018-11-14T08:17:03&amp;apos;
System info: host: &amp;apos;MBA0298P.local&amp;apos;, ip: &amp;apos;fe80:0:0:0:141e:7a1:b6f2:5f42%en0&amp;apos;, os.name: &amp;apos;Mac OS X&amp;apos;, os.arch: &amp;apos;x86_64&amp;apos;, os.version: &amp;apos;10.14.4&amp;apos;, java.version: &amp;apos;1.8.0_191&amp;apos;
Driver info: org.openqa.selenium.firefox.FirefoxDriver
Capabilities {acceptInsecureCerts: true, browserName: firefox, browserVersion: 66.0.5, javascriptEnabled: true, moz:accessibilityChecks: false, moz:geckodriverVersion: 0.23.0, moz:headless: false, moz:processID: 2527, moz:profile: /var/folders/j7/qzwdfpg52cz..., moz:shutdownTimeout: 60000, moz:useNonSpecCompliantPointerOrigin: false, moz:webdriverClick: true, pageLoadStrategy: normal, platform: MAC, platformName: MAC, platformVersion: 18.5.0, rotatable: false, setWindowRect: true, strictFileInteractability: false, timeouts: {implicit: 0, pageLoad: 300000, script: 30000}, unhandledPromptBehavior: dismiss and notify}
Session ID: 53ad0902-0283-c941-baeb-2339f55e6da0">
      <![CDATA[org.openqa.selenium.NoSuchWindowException: Browsing context has been discarded
Build info: version: '3.141.59', revision: 'e82be7d358', time: '2018-11-14T08:17:03'
System info: host: 'MBA0298P.local', ip: 'fe80:0:0:0:141e:7a1:b6f2:5f42%en0', os.name: 'Mac OS X', os.arch: 'x86_64', os.version: '10.14.4', java.version: '1.8.0_191'
Driver info: org.openqa.selenium.firefox.FirefoxDriver
Capabilities {acceptInsecureCerts: true, browserName: firefox, browserVersion: 66.0.5, javascriptEnabled: true, moz:accessibilityChecks: false, moz:geckodriverVersion: 0.23.0, moz:headless: false, moz:processID: 2527, moz:profile: /var/folders/j7/qzwdfpg52cz..., moz:shutdownTimeout: 60000, moz:useNonSpecCompliantPointerOrigin: false, moz:webdriverClick: true, pageLoadStrategy: normal, platform: MAC, platformName: MAC, platformVersion: 18.5.0, rotatable: false, setWindowRect: true, strictFileInteractability: false, timeouts: {implicit: 0, pageLoad: 300000, script: 30000}, unhandledPromptBehavior: dismiss and notify}
Session ID: 53ad0902-0283-c941-baeb-2339f55e6da0
at org.openqa.selenium.remote.http.W3CHttpResponseCodec.createException(W3CHttpResponseCodec.java:187)
at org.openqa.selenium.remote.http.W3CHttpResponseCodec.decode(W3CHttpResponseCodec.java:122)
at org.openqa.selenium.remote.http.W3CHttpResponseCodec.decode(W3CHttpResponseCodec.java:49)
at org.openqa.selenium.remote.HttpCommandExecutor.execute(HttpCommandExecutor.java:158)
at org.openqa.selenium.remote.service.DriverCommandExecutor.execute(DriverCommandExecutor.java:83)
at org.openqa.selenium.remote.RemoteWebDriver.execute(RemoteWebDriver.java:552)
at org.openqa.selenium.remote.RemoteWebDriver.get(RemoteWebDriver.java:277)
at base.BasePageTest.beforeTest(BasePageTest.java:44)
at java.util.concurrent.FutureTask.run(FutureTask.java:266)
at java.util.concurrent.ThreadPoolExecutor.runWorker(ThreadPoolExecutor.java:1149)
at java.util.concurrent.ThreadPoolExecutor$Worker.run(ThreadPoolExecutor.java:624)
at java.lang.Thread.run(Thread.java:748)
... Removed 19 stack frames]]>
    </failure>
  </testcase> <!-- @BeforeTest beforeTest -->
  <testcase name="@AfterTest afterTest" time="0.0" classname="base.BasePageTest">
    <skipped/>
  </testcase> <!-- @AfterTest afterTest -->
  <testcase name="testEasy" time="0.0" classname="maiho.selenium.DynamicTable">
    <skipped/>
  </testcase> <!-- testEasy -->
  <testcase name="maxValueCurrentPrice" time="0.0" classname="maiho.selenium.DynamicTable">
    <skipped/>
  </testcase> <!-- maxValueCurrentPrice -->
</testsuite> <!-- Test1 -->
